
> @lotty/mini-app@0.1.0 build /Users/starship/Documents/Lotty-v1/apps/mini-app
> next build

  ▲ Next.js 14.2.35
  - Environments: .env.local

   Creating an optimized production build ...
 ✓ Compiled successfully
   Linting and checking validity of types ...
   Collecting page data ...
   Generating static pages (0/4) ...
   Generating static pages (1/4) 
   Generating static pages (2/4) 
   Generating static pages (3/4) 
 ✓ Generating static pages (4/4)
   Finalizing page optimization ...
   Collecting build traces ...

Route (app)                              Size     First Load JS
┌ ○ /                                    110 kB          197 kB
└ ○ /_not-found                          872 B          88.2 kB
+ First Load JS shared by all            87.3 kB
  ├ chunks/5b8f0dd8-2a4498e90b163e16.js  53.6 kB
  ├ chunks/749-efcae867eb056999.js       31.7 kB
  └ other shared chunks (total)          1.93 kB


○  (Static)  prerendered as static content

